  Main.cpp
     Creating library C:/Users/Rafael/Documents/GitHub/L-Systems_VSL/build/demo/Release/demo.lib and object C:/Users/Rafael/Documents/GitHub/L-Systems_VSL/build/demo/Release/demo.exp
vsl.lib(vsMathLib.obj) : warning LNK4217: locally defined symbol ___glewGetUniformLocation imported in function "public: void __thiscall VSMathLib::matricesToGL(void)" (?matricesToGL@VSMathLib@@QAEXXZ)
vsl.lib(vsShaderLib.obj) : warning LNK4049: locally defined symbol ___glewGetUniformLocation imported
vsl.lib(vsGLInfoLib.obj) : warning LNK4049: locally defined symbol ___glewGetUniformLocation imported
vsl.lib(vsMathLib.obj) : warning LNK4217: locally defined symbol ___glewProgramUniformMatrix3fv imported in function "public: void __thiscall VSMathLib::matricesToGL(void)" (?matricesToGL@VSMathLib@@QAEXXZ)
vsl.lib(vsShaderLib.obj) : warning LNK4049: locally defined symbol ___glewProgramUniformMatrix3fv imported
vsl.lib(vsMathLib.obj) : warning LNK4217: locally defined symbol ___glewProgramUniformMatrix4fv imported in function "public: void __thiscall VSMathLib::matricesToGL(void)" (?matricesToGL@VSMathLib@@QAEXXZ)
vsl.lib(vsShaderLib.obj) : warning LNK4049: locally defined symbol ___glewProgramUniformMatrix4fv imported
vsl.lib(vsFontLib.obj) : warning LNK4049: locally defined symbol ___glewBindBuffer imported
vsl.lib(vsShaderLib.obj) : warning LNK4217: locally defined symbol ___glewBindBuffer imported in function "protected: void __thiscall VSShaderLib::addBlocks(void)" (?addBlocks@VSShaderLib@@IAEXXZ)
vsl.lib(vsResourceLib.obj) : warning LNK4049: locally defined symbol ___glewBindBuffer imported
vsl.lib(vsModelLib.obj) : warning LNK4217: locally defined symbol ___glewBindBuffer imported in function "private: void __thiscall VSModelLib::genVAOsAndUniformBuffer(struct aiScene const *)" (?genVAOsAndUniformBuffer@VSModelLib@@AAEXPBUaiScene@@@Z)
vsl.lib(vsGLInfoLib.obj) : warning LNK4217: locally defined symbol ___glewBindBuffer imported in function "void __cdecl `dynamic initializer for 'private: static class std::map<int,class std::basic_string<char,struct std::char_traits<char>,class std::allocator<char> >,struct std::less<int>,class std::allocator<struct std::pair<int const ,class std::basic_string<char,struct std::char_traits<char>,class std::allocator<char> > > > > VSGLInfoLib::spInternalF''(void)" (??__E?spInternalF@VSGLInfoLib@@0V?$map@HV?$basic_string@DU?$char_traits@D@std@@V?$allocator@D@2@@std@@U?$less@H@2@V?$allocator@U?$pair@$$CBHV?$basic_string@DU?$char_traits@D@std@@V?$allocator@D@2@@std@@@std@@@2@@std@@A@@YAXXZ)
vsl.lib(vsShaderLib.obj) : warning LNK4217: locally defined symbol ___glewBufferData imported in function "protected: void __thiscall VSShaderLib::addBlocks(void)" (?addBlocks@VSShaderLib@@IAEXXZ)
vsl.lib(vsResourceLib.obj) : warning LNK4049: locally defined symbol ___glewBufferData imported
vsl.lib(vsModelLib.obj) : warning LNK4049: locally defined symbol ___glewBufferData imported
vsl.lib(vsFontLib.obj) : warning LNK4049: locally defined symbol ___glewBufferData imported
vsl.lib(vsShaderLib.obj) : warning LNK4217: locally defined symbol ___glewBufferSubData imported in function "public: static void __cdecl VSShaderLib::setBlock(class std::basic_string<char,struct std::char_traits<char>,class std::allocator<char> >,void *)" (?setBlock@VSShaderLib@@SAXV?$basic_string@DU?$char_traits@D@std@@V?$allocator@D@2@@std@@PAX@Z)
vsl.lib(vsShaderLib.obj) : warning LNK4217: locally defined symbol ___glewGenBuffers imported in function "protected: void __thiscall VSShaderLib::addBlocks(void)" (?addBlocks@VSShaderLib@@IAEXXZ)
vsl.lib(vsResourceLib.obj) : warning LNK4049: locally defined symbol ___glewGenBuffers imported
vsl.lib(vsModelLib.obj) : warning LNK4217: locally defined symbol ___glewGenBuffers imported in function "private: static void __cdecl std::vector<float,class std::allocator<float> >::_Xlength(void)" (?_Xlength@?$vector@MV?$allocator@M@std@@@std@@CAXXZ)
vsl.lib(vsFontLib.obj) : warning LNK4049: locally defined symbol ___glewGenBuffers imported
vsl.lib(vsShaderLib.obj) : warning LNK4217: locally defined symbol ___glewAttachShader imported in function "public: void __thiscall VSShaderLib::loadShader(enum VSShaderLib::ShaderType,class std::basic_string<char,struct std::char_traits<char>,class std::allocator<char> >)" (?loadShader@VSShaderLib@@QAEXW4ShaderType@1@V?$basic_string@DU?$char_traits@D@std@@V?$allocator@D@2@@std@@@Z)
vsl.lib(vsShaderLib.obj) : warning LNK4217: locally defined symbol ___glewBindAttribLocation imported in function "public: void __thiscall VSShaderLib::setVertexAttribName(enum VSShaderLib::AttribType,class std::basic_string<char,struct std::char_traits<char>,class std::allocator<char> >)" (?setVertexAttribName@VSShaderLib@@QAEXW4AttribType@1@V?$basic_string@DU?$char_traits@D@std@@V?$allocator@D@2@@std@@@Z)
vsl.lib(vsShaderLib.obj) : warning LNK4217: locally defined symbol ___glewCompileShader imported in function "public: void __thiscall VSShaderLib::loadShader(enum VSShaderLib::ShaderType,class std::basic_string<char,struct std::char_traits<char>,class std::allocator<char> >)" (?loadShader@VSShaderLib@@QAEXW4ShaderType@1@V?$basic_string@DU?$char_traits@D@std@@V?$allocator@D@2@@std@@@Z)
vsl.lib(vsShaderLib.obj) : warning LNK4217: locally defined symbol ___glewCreateProgram imported in function "public: void __thiscall VSShaderLib::init(void)" (?init@VSShaderLib@@QAEXXZ)
vsl.lib(vsShaderLib.obj) : warning LNK4217: locally defined symbol ___glewCreateShader imported in function "public: void __thiscall VSShaderLib::loadShader(enum VSShaderLib::ShaderType,class std::basic_string<char,struct std::char_traits<char>,class std::allocator<char> >)" (?loadShader@VSShaderLib@@QAEXW4ShaderType@1@V?$basic_string@DU?$char_traits@D@std@@V?$allocator@D@2@@std@@@Z)
vsl.lib(vsShaderLib.obj) : warning LNK4217: locally defined symbol ___glewDeleteProgram imported in function "public: __thiscall VSShaderLib::~VSShaderLib(void)" (??1VSShaderLib@@QAE@XZ)
vsl.lib(vsShaderLib.obj) : warning LNK4217: locally defined symbol ___glewDeleteShader imported in function "public: __thiscall VSShaderLib::~VSShaderLib(void)" (??1VSShaderLib@@QAE@XZ)
vsl.lib(vsShaderLib.obj) : warning LNK4217: locally defined symbol ___glewGetActiveUniform imported in function "protected: void __thiscall VSShaderLib::addBlocks(void)" (?addBlocks@VSShaderLib@@IAEXXZ)
vsl.lib(vsGLInfoLib.obj) : warning LNK4217: locally defined symbol ___glewGetActiveUniform imported in function "void __cdecl `dynamic initializer for 'private: static class std::map<int,class std::basic_string<char,struct std::char_traits<char>,class std::allocator<char> >,struct std::less<int>,class std::allocator<struct std::pair<int const ,class std::basic_string<char,struct std::char_traits<char>,class std::allocator<char> > > > > VSGLInfoLib::spTextureTarget''(void)" (??__E?spTextureTarget@VSGLInfoLib@@0V?$map@HV?$basic_string@DU?$char_traits@D@std@@V?$allocator@D@2@@std@@U?$less@H@2@V?$allocator@U?$pair@$$CBHV?$basic_string@DU?$char_traits@D@std@@V?$allocator@D@2@@std@@@std@@@2@@std@@A@@YAXXZ)
vsl.lib(vsShaderLib.obj) : warning LNK4217: locally defined symbol ___glewGetProgramInfoLog imported in function "public: class std::basic_string<char,struct std::char_traits<char>,class std::allocator<char> > __thiscall VSShaderLib::getProgramInfoLog(void)" (?getProgramInfoLog@VSShaderLib@@QAE?AV?$basic_string@DU?$char_traits@D@std@@V?$allocator@D@2@@std@@XZ)
vsl.lib(vsShaderLib.obj) : warning LNK4217: locally defined symbol ___glewGetProgramiv imported in function "protected: void __thiscall VSShaderLib::addBlocks(void)" (?addBlocks@VSShaderLib@@IAEXXZ)
vsl.lib(vsGLInfoLib.obj) : warning LNK4217: locally defined symbol ___glewGetProgramiv imported in function "void __cdecl `dynamic initializer for 'private: static class std::map<int,class std::basic_string<char,struct std::char_traits<char>,class std::allocator<char> >,struct std::less<int>,class std::allocator<struct std::pair<int const ,class std::basic_string<char,struct std::char_traits<char>,class std::allocator<char> > > > > VSGLInfoLib::spBufferUsage''(void)" (??__E?spBufferUsage@VSGLInfoLib@@0V?$map@HV?$basic_string@DU?$char_traits@D@std@@V?$allocator@D@2@@std@@U?$less@H@2@V?$allocator@U?$pair@$$CBHV?$basic_string@DU?$char_traits@D@std@@V?$allocator@D@2@@std@@@std@@@2@@std@@A@@YAXXZ)
vsl.lib(vsShaderLib.obj) : warning LNK4217: locally defined symbol ___glewGetShaderInfoLog imported in function "public: class std::basic_string<char,struct std::char_traits<char>,class std::allocator<char> > __thiscall VSShaderLib::getShaderInfoLog(enum VSShaderLib::ShaderType)" (?getShaderInfoLog@VSShaderLib@@QAE?AV?$basic_string@DU?$char_traits@D@std@@V?$allocator@D@2@@std@@W4ShaderType@1@@Z)
vsl.lib(vsShaderLib.obj) : warning LNK4217: locally defined symbol ___glewGetShaderiv imported in function "public: class std::basic_string<char,struct std::char_traits<char>,class std::allocator<char> > __thiscall VSShaderLib::getShaderInfoLog(enum VSShaderLib::ShaderType)" (?getShaderInfoLog@VSShaderLib@@QAE?AV?$basic_string@DU?$char_traits@D@std@@V?$allocator@D@2@@std@@W4ShaderType@1@@Z)
vsl.lib(vsGLInfoLib.obj) : warning LNK4217: locally defined symbol ___glewGetShaderiv imported in function "void __cdecl `dynamic initializer for 'private: static class std::map<int,int,struct std::less<int>,class std::allocator<struct std::pair<int const ,int> > > VSGLInfoLib::spTextureBound''(void)" (??__E?spTextureBound@VSGLInfoLib@@0V?$map@HHU?$less@H@std@@V?$allocator@U?$pair@$$CBHH@std@@@2@@std@@A@@YAXXZ)
vsl.lib(vsShaderLib.obj) : warning LNK4217: locally defined symbol ___glewLinkProgram imported in function "public: void __thiscall VSShaderLib::prepareProgram(void)" (?prepareProgram@VSShaderLib@@QAEXXZ)
vsl.lib(vsShaderLib.obj) : warning LNK4217: locally defined symbol ___glewShaderSource imported in function "public: void __thiscall VSShaderLib::loadShader(enum VSShaderLib::ShaderType,class std::basic_string<char,struct std::char_traits<char>,class std::allocator<char> >)" (?loadShader@VSShaderLib@@QAEXW4ShaderType@1@V?$basic_string@DU?$char_traits@D@std@@V?$allocator@D@2@@std@@@Z)
vsl.lib(vsShaderLib.obj) : warning LNK4217: locally defined symbol ___glewValidateProgram imported in function "public: class std::basic_string<char,struct std::char_traits<char>,class std::allocator<char> > __thiscall VSShaderLib::getAllInfoLogs(void)" (?getAllInfoLogs@VSShaderLib@@QAE?AV?$basic_string@DU?$char_traits@D@std@@V?$allocator@D@2@@std@@XZ)
vsl.lib(vsShaderLib.obj) : warning LNK4217: locally defined symbol ___glewBindFragDataLocation imported in function "public: void __thiscall VSShaderLib::setProgramOutput(int,class std::basic_string<char,struct std::char_traits<char>,class std::allocator<char> >)" (?setProgramOutput@VSShaderLib@@QAEXHV?$basic_string@DU?$char_traits@D@std@@V?$allocator@D@2@@std@@@Z)
vsl.lib(vsShaderLib.obj) : warning LNK4217: locally defined symbol ___glewGetFragDataLocation imported in function "public: int __thiscall VSShaderLib::getProgramOutput(class std::basic_string<char,struct std::char_traits<char>,class std::allocator<char> >)" (?getProgramOutput@VSShaderLib@@QAEHV?$basic_string@DU?$char_traits@D@std@@V?$allocator@D@2@@std@@@Z)
vsl.lib(vsShaderLib.obj) : warning LNK4217: locally defined symbol ___glewProgramUniform1dv imported in function "public: void __thiscall VSShaderLib::setUniform(class std::basic_string<char,struct std::char_traits<char>,class std::allocator<char> >,void *)" (?setUniform@VSShaderLib@@QAEXV?$basic_string@DU?$char_traits@D@std@@V?$allocator@D@2@@std@@PAX@Z)
vsl.lib(vsShaderLib.obj) : warning LNK4217: locally defined symbol ___glewProgramUniform1f imported in function "public: void __thiscall VSShaderLib::setUniform(class std::basic_string<char,struct std::char_traits<char>,class std::allocator<char> >,float)" (?setUniform@VSShaderLib@@QAEXV?$basic_string@DU?$char_traits@D@std@@V?$allocator@D@2@@std@@M@Z)
vsl.lib(vsShaderLib.obj) : warning LNK4217: locally defined symbol ___glewProgramUniform1fv imported in function "public: void __thiscall VSShaderLib::setUniform(class std::basic_string<char,struct std::char_traits<char>,class std::allocator<char> >,void *)" (?setUniform@VSShaderLib@@QAEXV?$basic_string@DU?$char_traits@D@std@@V?$allocator@D@2@@std@@PAX@Z)
vsl.lib(vsShaderLib.obj) : warning LNK4217: locally defined symbol ___glewProgramUniform1i imported in function "public: void __thiscall VSShaderLib::setUniform(class std::basic_string<char,struct std::char_traits<char>,class std::allocator<char> >,int)" (?setUniform@VSShaderLib@@QAEXV?$basic_string@DU?$char_traits@D@std@@V?$allocator@D@2@@std@@H@Z)
vsl.lib(vsShaderLib.obj) : warning LNK4217: locally defined symbol ___glewProgramUniform1iv imported in function "public: void __thiscall VSShaderLib::setUniform(class std::basic_string<char,struct std::char_traits<char>,class std::allocator<char> >,void *)" (?setUniform@VSShaderLib@@QAEXV?$basic_string@DU?$char_traits@D@std@@V?$allocator@D@2@@std@@PAX@Z)
vsl.lib(vsShaderLib.obj) : warning LNK4217: locally defined symbol ___glewProgramUniform1uiv imported in function "public: void __thiscall VSShaderLib::setUniform(class std::basic_string<char,struct std::char_traits<char>,class std::allocator<char> >,void *)" (?setUniform@VSShaderLib@@QAEXV?$basic_string@DU?$char_traits@D@std@@V?$allocator@D@2@@std@@PAX@Z)
vsl.lib(vsShaderLib.obj) : warning LNK4217: locally defined symbol ___glewProgramUniform2dv imported in function "public: void __thiscall VSShaderLib::setUniform(class std::basic_string<char,struct std::char_traits<char>,class std::allocator<char> >,void *)" (?setUniform@VSShaderLib@@QAEXV?$basic_string@DU?$char_traits@D@std@@V?$allocator@D@2@@std@@PAX@Z)
vsl.lib(vsShaderLib.obj) : warning LNK4217: locally defined symbol ___glewProgramUniform2fv imported in function "public: void __thiscall VSShaderLib::setUniform(class std::basic_string<char,struct std::char_traits<char>,class std::allocator<char> >,void *)" (?setUniform@VSShaderLib@@QAEXV?$basic_string@DU?$char_traits@D@std@@V?$allocator@D@2@@std@@PAX@Z)
vsl.lib(vsShaderLib.obj) : warning LNK4217: locally defined symbol ___glewProgramUniform2iv imported in function "public: void __thiscall VSShaderLib::setUniform(class std::basic_string<char,struct std::char_traits<char>,class std::allocator<char> >,void *)" (?setUniform@VSShaderLib@@QAEXV?$basic_string@DU?$char_traits@D@std@@V?$allocator@D@2@@std@@PAX@Z)
vsl.lib(vsShaderLib.obj) : warning LNK4217: locally defined symbol ___glewProgramUniform2uiv imported in function "public: void __thiscall VSShaderLib::setUniform(class std::basic_string<char,struct std::char_traits<char>,class std::allocator<char> >,void *)" (?setUniform@VSShaderLib@@QAEXV?$basic_string@DU?$char_traits@D@std@@V?$allocator@D@2@@std@@PAX@Z)
vsl.lib(vsShaderLib.obj) : warning LNK4217: locally defined symbol ___glewProgramUniform3dv imported in function "public: void __thiscall VSShaderLib::setUniform(class std::basic_string<char,struct std::char_traits<char>,class std::allocator<char> >,void *)" (?setUniform@VSShaderLib@@QAEXV?$basic_string@DU?$char_traits@D@std@@V?$allocator@D@2@@std@@PAX@Z)
vsl.lib(vsShaderLib.obj) : warning LNK4217: locally defined symbol ___glewProgramUniform3fv imported in function "public: void __thiscall VSShaderLib::setUniform(class std::basic_string<char,struct std::char_traits<char>,class std::allocator<char> >,void *)" (?setUniform@VSShaderLib@@QAEXV?$basic_string@DU?$char_traits@D@std@@V?$allocator@D@2@@std@@PAX@Z)
vsl.lib(vsShaderLib.obj) : warning LNK4217: locally defined symbol ___glewProgramUniform3iv imported in function "public: void __thiscall VSShaderLib::setUniform(class std::basic_string<char,struct std::char_traits<char>,class std::allocator<char> >,void *)" (?setUniform@VSShaderLib@@QAEXV?$basic_string@DU?$char_traits@D@std@@V?$allocator@D@2@@std@@PAX@Z)
vsl.lib(vsShaderLib.obj) : warning LNK4217: locally defined symbol ___glewProgramUniform3uiv imported in function "public: void __thiscall VSShaderLib::setUniform(class std::basic_string<char,struct std::char_traits<char>,class std::allocator<char> >,void *)" (?setUniform@VSShaderLib@@QAEXV?$basic_string@DU?$char_traits@D@std@@V?$allocator@D@2@@std@@PAX@Z)
vsl.lib(vsShaderLib.obj) : warning LNK4217: locally defined symbol ___glewProgramUniform4dv imported in function "public: void __thiscall VSShaderLib::setUniform(class std::basic_string<char,struct std::char_traits<char>,class std::allocator<char> >,void *)" (?setUniform@VSShaderLib@@QAEXV?$basic_string@DU?$char_traits@D@std@@V?$allocator@D@2@@std@@PAX@Z)
vsl.lib(vsShaderLib.obj) : warning LNK4217: locally defined symbol ___glewProgramUniform4fv imported in function "public: void __thiscall VSShaderLib::setUniform(class std::basic_string<char,struct std::char_traits<char>,class std::allocator<char> >,void *)" (?setUniform@VSShaderLib@@QAEXV?$basic_string@DU?$char_traits@D@std@@V?$allocator@D@2@@std@@PAX@Z)
vsl.lib(vsShaderLib.obj) : warning LNK4217: locally defined symbol ___glewProgramUniform4iv imported in function "public: void __thiscall VSShaderLib::setUniform(class std::basic_string<char,struct std::char_traits<char>,class std::allocator<char> >,void *)" (?setUniform@VSShaderLib@@QAEXV?$basic_string@DU?$char_traits@D@std@@V?$allocator@D@2@@std@@PAX@Z)
vsl.lib(vsShaderLib.obj) : warning LNK4217: locally defined symbol ___glewProgramUniform4uiv imported in function "public: void __thiscall VSShaderLib::setUniform(class std::basic_string<char,struct std::char_traits<char>,class std::allocator<char> >,void *)" (?setUniform@VSShaderLib@@QAEXV?$basic_string@DU?$char_traits@D@std@@V?$allocator@D@2@@std@@PAX@Z)
vsl.lib(vsShaderLib.obj) : warning LNK4217: locally defined symbol ___glewProgramUniformMatrix2dv imported in function "public: void __thiscall VSShaderLib::setUniform(class std::basic_string<char,struct std::char_traits<char>,class std::allocator<char> >,void *)" (?setUniform@VSShaderLib@@QAEXV?$basic_string@DU?$char_traits@D@std@@V?$allocator@D@2@@std@@PAX@Z)
vsl.lib(vsShaderLib.obj) : warning LNK4217: locally defined symbol ___glewProgramUniformMatrix2fv imported in function "public: void __thiscall VSShaderLib::setUniform(class std::basic_string<char,struct std::char_traits<char>,class std::allocator<char> >,void *)" (?setUniform@VSShaderLib@@QAEXV?$basic_string@DU?$char_traits@D@std@@V?$allocator@D@2@@std@@PAX@Z)
vsl.lib(vsShaderLib.obj) : warning LNK4217: locally defined symbol ___glewProgramUniformMatrix2x3dv imported in function "public: void __thiscall VSShaderLib::setUniform(class std::basic_string<char,struct std::char_traits<char>,class std::allocator<char> >,void *)" (?setUniform@VSShaderLib@@QAEXV?$basic_string@DU?$char_traits@D@std@@V?$allocator@D@2@@std@@PAX@Z)
vsl.lib(vsShaderLib.obj) : warning LNK4217: locally defined symbol ___glewProgramUniformMatrix2x3fv imported in function "public: void __thiscall VSShaderLib::setUniform(class std::basic_string<char,struct std::char_traits<char>,class std::allocator<char> >,void *)" (?setUniform@VSShaderLib@@QAEXV?$basic_string@DU?$char_traits@D@std@@V?$allocator@D@2@@std@@PAX@Z)
vsl.lib(vsShaderLib.obj) : warning LNK4217: locally defined symbol ___glewProgramUniformMatrix2x4dv imported in function "public: void __thiscall VSShaderLib::setUniform(class std::basic_string<char,struct std::char_traits<char>,class std::allocator<char> >,void *)" (?setUniform@VSShaderLib@@QAEXV?$basic_string@DU?$char_traits@D@std@@V?$allocator@D@2@@std@@PAX@Z)
vsl.lib(vsShaderLib.obj) : warning LNK4217: locally defined symbol ___glewProgramUniformMatrix2x4fv imported in function "public: void __thiscall VSShaderLib::setUniform(class std::basic_string<char,struct std::char_traits<char>,class std::allocator<char> >,void *)" (?setUniform@VSShaderLib@@QAEXV?$basic_string@DU?$char_traits@D@std@@V?$allocator@D@2@@std@@PAX@Z)
vsl.lib(vsShaderLib.obj) : warning LNK4217: locally defined symbol ___glewProgramUniformMatrix3dv imported in function "public: void __thiscall VSShaderLib::setUniform(class std::basic_string<char,struct std::char_traits<char>,class std::allocator<char> >,void *)" (?setUniform@VSShaderLib@@QAEXV?$basic_string@DU?$char_traits@D@std@@V?$allocator@D@2@@std@@PAX@Z)
vsl.lib(vsShaderLib.obj) : warning LNK4217: locally defined symbol ___glewProgramUniformMatrix3x2dv imported in function "public: void __thiscall VSShaderLib::setUniform(class std::basic_string<char,struct std::char_traits<char>,class std::allocator<char> >,void *)" (?setUniform@VSShaderLib@@QAEXV?$basic_string@DU?$char_traits@D@std@@V?$allocator@D@2@@std@@PAX@Z)
vsl.lib(vsShaderLib.obj) : warning LNK4217: locally defined symbol ___glewProgramUniformMatrix3x2fv imported in function "public: void __thiscall VSShaderLib::setUniform(class std::basic_string<char,struct std::char_traits<char>,class std::allocator<char> >,void *)" (?setUniform@VSShaderLib@@QAEXV?$basic_string@DU?$char_traits@D@std@@V?$allocator@D@2@@std@@PAX@Z)
vsl.lib(vsShaderLib.obj) : warning LNK4217: locally defined symbol ___glewProgramUniformMatrix3x4dv imported in function "public: void __thiscall VSShaderLib::setUniform(class std::basic_string<char,struct std::char_traits<char>,class std::allocator<char> >,void *)" (?setUniform@VSShaderLib@@QAEXV?$basic_string@DU?$char_traits@D@std@@V?$allocator@D@2@@std@@PAX@Z)
vsl.lib(vsShaderLib.obj) : warning LNK4217: locally defined symbol ___glewProgramUniformMatrix3x4fv imported in function "public: void __thiscall VSShaderLib::setUniform(class std::basic_string<char,struct std::char_traits<char>,class std::allocator<char> >,void *)" (?setUniform@VSShaderLib@@QAEXV?$basic_string@DU?$char_traits@D@std@@V?$allocator@D@2@@std@@PAX@Z)
vsl.lib(vsShaderLib.obj) : warning LNK4217: locally defined symbol ___glewProgramUniformMatrix4dv imported in function "public: void __thiscall VSShaderLib::setUniform(class std::basic_string<char,struct std::char_traits<char>,class std::allocator<char> >,void *)" (?setUniform@VSShaderLib@@QAEXV?$basic_string@DU?$char_traits@D@std@@V?$allocator@D@2@@std@@PAX@Z)
vsl.lib(vsShaderLib.obj) : warning LNK4217: locally defined symbol ___glewProgramUniformMatrix4x2dv imported in function "public: void __thiscall VSShaderLib::setUniform(class std::basic_string<char,struct std::char_traits<char>,class std::allocator<char> >,void *)" (?setUniform@VSShaderLib@@QAEXV?$basic_string@DU?$char_traits@D@std@@V?$allocator@D@2@@std@@PAX@Z)
vsl.lib(vsShaderLib.obj) : warning LNK4217: locally defined symbol ___glewProgramUniformMatrix4x2fv imported in function "public: void __thiscall VSShaderLib::setUniform(class std::basic_string<char,struct std::char_traits<char>,class std::allocator<char> >,void *)" (?setUniform@VSShaderLib@@QAEXV?$basic_string@DU?$char_traits@D@std@@V?$allocator@D@2@@std@@PAX@Z)
vsl.lib(vsShaderLib.obj) : warning LNK4217: locally defined symbol ___glewProgramUniformMatrix4x3dv imported in function "public: void __thiscall VSShaderLib::setUniform(class std::basic_string<char,struct std::char_traits<char>,class std::allocator<char> >,void *)" (?setUniform@VSShaderLib@@QAEXV?$basic_string@DU?$char_traits@D@std@@V?$allocator@D@2@@std@@PAX@Z)
vsl.lib(vsShaderLib.obj) : warning LNK4217: locally defined symbol ___glewProgramUniformMatrix4x3fv imported in function "public: void __thiscall VSShaderLib::setUniform(class std::basic_string<char,struct std::char_traits<char>,class std::allocator<char> >,void *)" (?setUniform@VSShaderLib@@QAEXV?$basic_string@DU?$char_traits@D@std@@V?$allocator@D@2@@std@@PAX@Z)
vsl.lib(vsShaderLib.obj) : warning LNK4217: locally defined symbol ___glewBindBufferRange imported in function "protected: void __thiscall VSShaderLib::addBlocks(void)" (?addBlocks@VSShaderLib@@IAEXXZ)
vsl.lib(vsShaderLib.obj) : warning LNK4217: locally defined symbol ___glewGetActiveUniformBlockName imported in function "protected: void __thiscall VSShaderLib::addBlocks(void)" (?addBlocks@VSShaderLib@@IAEXXZ)
vsl.lib(vsGLInfoLib.obj) : warning LNK4217: locally defined symbol ___glewGetActiveUniformBlockName imported in function "public: static void __cdecl VSGLInfoLib::getBufferInfo(unsigned int,int)" (?getBufferInfo@VSGLInfoLib@@SAXIH@Z)
vsl.lib(vsShaderLib.obj) : warning LNK4217: locally defined symbol ___glewGetActiveUniformBlockiv imported in function "protected: void __thiscall VSShaderLib::addBlocks(void)" (?addBlocks@VSShaderLib@@IAEXXZ)
vsl.lib(vsGLInfoLib.obj) : warning LNK4049: locally defined symbol ___glewGetActiveUniformBlockiv imported
vsl.lib(vsShaderLib.obj) : warning LNK4217: locally defined symbol ___glewGetActiveUniformsiv imported in function "protected: void __thiscall VSShaderLib::addBlocks(void)" (?addBlocks@VSShaderLib@@IAEXXZ)
vsl.lib(vsGLInfoLib.obj) : warning LNK4049: locally defined symbol ___glewGetActiveUniformsiv imported
vsl.lib(vsShaderLib.obj) : warning LNK4217: locally defined symbol ___glewUniformBlockBinding imported in function "protected: void __thiscall VSShaderLib::addBlocks(void)" (?addBlocks@VSShaderLib@@IAEXXZ)
vsl.lib(vsResourceLib.obj) : warning LNK4217: locally defined symbol ___glewEnableVertexAttribArray imported in function "protected: void __thiscall VSResourceLib::initBB(void)" (?initBB@VSResourceLib@@IAEXXZ)
vsl.lib(vsModelLib.obj) : warning LNK4217: locally defined symbol ___glewEnableVertexAttribArray imported in function "public: void __thiscall VSModelLib::setColor(enum VSResourceLib::MaterialSemantics,float,float,float,float)" (?setColor@VSModelLib@@QAEXW4MaterialSemantics@VSResourceLib@@MMMM@Z)
vsl.lib(vsFontLib.obj) : warning LNK4049: locally defined symbol ___glewEnableVertexAttribArray imported
vsl.lib(vsResourceLib.obj) : warning LNK4217: locally defined symbol ___glewVertexAttribPointer imported in function "protected: void __thiscall VSResourceLib::initBB(void)" (?initBB@VSResourceLib@@IAEXXZ)
vsl.lib(vsModelLib.obj) : warning LNK4049: locally defined symbol ___glewVertexAttribPointer imported
vsl.lib(vsFontLib.obj) : warning LNK4049: locally defined symbol ___glewVertexAttribPointer imported
vsl.lib(vsResourceLib.obj) : warning LNK4217: locally defined symbol ___glewGenerateMipmap imported in function "public: static unsigned int __cdecl VSResourceLib::loadRGBATexture(class std::basic_string<char,struct std::char_traits<char>,class std::allocator<char> >,bool,bool,unsigned int,unsigned int)" (?loadRGBATexture@VSResourceLib@@SAIV?$basic_string@DU?$char_traits@D@std@@V?$allocator@D@2@@std@@_N1II@Z)
vsl.lib(vsResourceLib.obj) : warning LNK4217: locally defined symbol ___glewBindVertexArray imported in function "protected: void __thiscall VSResourceLib::initBB(void)" (?initBB@VSResourceLib@@IAEXXZ)
vsl.lib(vsModelLib.obj) : warning LNK4049: locally defined symbol ___glewBindVertexArray imported
vsl.lib(vsGLInfoLib.obj) : warning LNK4217: locally defined symbol ___glewBindVertexArray imported in function "public: static void __cdecl VSGLInfoLib::getUniformsInfo(unsigned int)" (?getUniformsInfo@VSGLInfoLib@@SAXI@Z)
vsl.lib(vsFontLib.obj) : warning LNK4049: locally defined symbol ___glewBindVertexArray imported
vsl.lib(vsResourceLib.obj) : warning LNK4217: locally defined symbol ___glewGenVertexArrays imported in function "protected: void __thiscall VSResourceLib::initBB(void)" (?initBB@VSResourceLib@@IAEXXZ)
vsl.lib(vsModelLib.obj) : warning LNK4049: locally defined symbol ___glewGenVertexArrays imported
vsl.lib(vsFontLib.obj) : warning LNK4217: locally defined symbol ___glewGenVertexArrays imported in function "class std::basic_string<char,struct std::char_traits<char>,class std::allocator<char> > __cdecl std::operator+<char,struct std::char_traits<char>,class std::allocator<char> >(class std::basic_string<char,struct std::char_traits<char>,class std::allocator<char> > const &,char const * const)" (??$?HDU?$char_traits@D@std@@V?$allocator@D@1@@std@@YA?AV?$basic_string@DU?$char_traits@D@std@@V?$allocator@D@2@@0@ABV10@QBD@Z)
vsl.lib(vsModelLib.obj) : warning LNK4217: locally defined symbol ___glewActiveTexture imported in function "public: virtual void __thiscall VSModelLib::render(void)" (?render@VSModelLib@@UAEXXZ)
vsl.lib(vsGLInfoLib.obj) : warning LNK4217: locally defined symbol ___glewActiveTexture imported in function __ehhandler$??$_Insert_hint@AAU?$pair@$$CBHH@std@@PAU?$_Tree_node@U?$pair@$$CBHH@std@@PAX@2@@?$_Tree@V?$_Tmap_traits@HHU?$less@H@std@@V?$allocator@U?$pair@$$CBHH@std@@@2@$0A@@std@@@std@@IAE?AV?$_Tree_iterator@V?$_Tree_val@U?$_Tree_simple_types@U?$pair@$$CBHH@std@@@std@@@std@@@1@V?$_Tree_const_iterator@V?$_Tree_val@U?$_Tree_simple_types@U?$pair@$$CBHH@std@@@std@@@std@@@1@AAU?$pair@$$CBHH@1@PAU?$_Tree_node@U?$pair@$$CBHH@std@@PAX@1@@Z
vsl.lib(vsFontLib.obj) : warning LNK4049: locally defined symbol ___glewActiveTexture imported
vsl.lib(vsModelLib.obj) : warning LNK4217: locally defined symbol ___glewDeleteBuffers imported in function "public: __thiscall VSModelLib::~VSModelLib(void)" (??1VSModelLib@@QAE@XZ)
vsl.lib(vsFontLib.obj) : warning LNK4049: locally defined symbol ___glewDeleteBuffers imported
vsl.lib(vsModelLib.obj) : warning LNK4217: locally defined symbol ___glewDeleteVertexArrays imported in function "public: void __thiscall VSModelLib::setMesh(int,unsigned int,float *,float *,float *,float *,float *,unsigned int,unsigned int *)" (?setMesh@VSModelLib@@QAEXHIPAM0000IPAI@Z)
vsl.lib(vsFontLib.obj) : warning LNK4049: locally defined symbol ___glewDeleteVertexArrays imported
vsl.lib(vsGLInfoLib.obj) : warning LNK4217: locally defined symbol ___glewGetBufferParameteriv imported in function "public: static void __cdecl VSGLInfoLib::getBufferInfo(unsigned int,int)" (?getBufferInfo@VSGLInfoLib@@SAXIH@Z)
vsl.lib(vsGLInfoLib.obj) : warning LNK4217: locally defined symbol ___glewGetBufferSubData imported in function "public: static void __cdecl VSGLInfoLib::getUniformInBlockInfo(unsigned int,class std::basic_string<char,struct std::char_traits<char>,class std::allocator<char> >,class std::basic_string<char,struct std::char_traits<char>,class std::allocator<char> >)" (?getUniformInBlockInfo@VSGLInfoLib@@SAXIV?$basic_string@DU?$char_traits@D@std@@V?$allocator@D@2@@std@@0@Z)
vsl.lib(vsGLInfoLib.obj) : warning LNK4217: locally defined symbol ___glewIsBuffer imported in function "public: static class std::vector<unsigned int,class std::allocator<unsigned int> > & __cdecl VSGLInfoLib::getBufferNames(void)" (?getBufferNames@VSGLInfoLib@@SAAAV?$vector@IV?$allocator@I@std@@@std@@XZ)
vsl.lib(vsGLInfoLib.obj) : warning LNK4217: locally defined symbol ___glewGetActiveAttrib imported in function "public: static void __cdecl VSGLInfoLib::getAttributesInfo(unsigned int)" (?getAttributesInfo@VSGLInfoLib@@SAXI@Z)
vsl.lib(vsGLInfoLib.obj) : warning LNK4217: locally defined symbol ___glewGetAttachedShaders imported in function "public: static void __cdecl VSGLInfoLib::getProgramInfo(unsigned int)" (?getProgramInfo@VSGLInfoLib@@SAXI@Z)
vsl.lib(vsGLInfoLib.obj) : warning LNK4217: locally defined symbol ___glewGetAttribLocation imported in function "public: static void __cdecl VSGLInfoLib::getAttributesInfo(unsigned int)" (?getAttributesInfo@VSGLInfoLib@@SAXI@Z)
vsl.lib(vsGLInfoLib.obj) : warning LNK4217: locally defined symbol ___glewGetUniformfv imported in function "public: static void __cdecl VSGLInfoLib::getUniformInfo(unsigned int,class std::basic_string<char,struct std::char_traits<char>,class std::allocator<char> >)" (?getUniformInfo@VSGLInfoLib@@SAXIV?$basic_string@DU?$char_traits@D@std@@V?$allocator@D@2@@std@@@Z)
vsl.lib(vsGLInfoLib.obj) : warning LNK4217: locally defined symbol ___glewGetUniformiv imported in function "public: static void __cdecl VSGLInfoLib::getUniformInfo(unsigned int,class std::basic_string<char,struct std::char_traits<char>,class std::allocator<char> >)" (?getUniformInfo@VSGLInfoLib@@SAXIV?$basic_string@DU?$char_traits@D@std@@V?$allocator@D@2@@std@@@Z)
vsl.lib(vsGLInfoLib.obj) : warning LNK4217: locally defined symbol ___glewGetVertexAttribiv imported in function "public: static void __cdecl VSGLInfoLib::getVAOInfo(unsigned int)" (?getVAOInfo@VSGLInfoLib@@SAXI@Z)
vsl.lib(vsGLInfoLib.obj) : warning LNK4217: locally defined symbol ___glewIsProgram imported in function "public: static void __cdecl VSGLInfoLib::getAttributesInfo(unsigned int)" (?getAttributesInfo@VSGLInfoLib@@SAXI@Z)
vsl.lib(vsGLInfoLib.obj) : warning LNK4217: locally defined symbol ___glewIsShader imported in function "public: static class std::vector<unsigned int,class std::allocator<unsigned int> > & __cdecl VSGLInfoLib::getShaderNames(void)" (?getShaderNames@VSGLInfoLib@@SAAAV?$vector@IV?$allocator@I@std@@@std@@XZ)
vsl.lib(vsGLInfoLib.obj) : warning LNK4217: locally defined symbol ___glewGetStringi imported in function "public: static bool __cdecl VSGLInfoLib::isExtensionSupported(class std::basic_string<char,struct std::char_traits<char>,class std::allocator<char> >)" (?isExtensionSupported@VSGLInfoLib@@SA_NV?$basic_string@DU?$char_traits@D@std@@V?$allocator@D@2@@std@@@Z)
vsl.lib(vsGLInfoLib.obj) : warning LNK4217: locally defined symbol ___glewGetUniformuiv imported in function "public: static void __cdecl VSGLInfoLib::getUniformInfo(unsigned int,class std::basic_string<char,struct std::char_traits<char>,class std::allocator<char> >)" (?getUniformInfo@VSGLInfoLib@@SAXIV?$basic_string@DU?$char_traits@D@std@@V?$allocator@D@2@@std@@@Z)
vsl.lib(vsGLInfoLib.obj) : warning LNK4217: locally defined symbol ___glewGetUniformdv imported in function "public: static void __cdecl VSGLInfoLib::getUniformInfo(unsigned int,class std::basic_string<char,struct std::char_traits<char>,class std::allocator<char> >)" (?getUniformInfo@VSGLInfoLib@@SAXIV?$basic_string@DU?$char_traits@D@std@@V?$allocator@D@2@@std@@@Z)
vsl.lib(vsGLInfoLib.obj) : warning LNK4217: locally defined symbol ___glewGetActiveUniformName imported in function "public: static void __cdecl VSGLInfoLib::getUniformsInfo(unsigned int)" (?getUniformsInfo@VSGLInfoLib@@SAXI@Z)
vsl.lib(vsGLInfoLib.obj) : warning LNK4217: locally defined symbol ___glewGetIntegeri_v imported in function "public: static void __cdecl VSGLInfoLib::getUniformInBlockInfo(unsigned int,class std::basic_string<char,struct std::char_traits<char>,class std::allocator<char> >,class std::basic_string<char,struct std::char_traits<char>,class std::allocator<char> >)" (?getUniformInBlockInfo@VSGLInfoLib@@SAXIV?$basic_string@DU?$char_traits@D@std@@V?$allocator@D@2@@std@@0@Z)
vsl.lib(vsGLInfoLib.obj) : warning LNK4217: locally defined symbol ___glewGetUniformBlockIndex imported in function "public: static void __cdecl VSGLInfoLib::getUniformInBlockInfo(unsigned int,class std::basic_string<char,struct std::char_traits<char>,class std::allocator<char> >,class std::basic_string<char,struct std::char_traits<char>,class std::allocator<char> >)" (?getUniformInBlockInfo@VSGLInfoLib@@SAXIV?$basic_string@DU?$char_traits@D@std@@V?$allocator@D@2@@std@@0@Z)
vsl.lib(vsGLInfoLib.obj) : warning LNK4217: locally defined symbol ___glewGetUniformIndices imported in function "public: static void __cdecl VSGLInfoLib::getUniformInBlockInfo(unsigned int,class std::basic_string<char,struct std::char_traits<char>,class std::allocator<char> >,class std::basic_string<char,struct std::char_traits<char>,class std::allocator<char> >)" (?getUniformInBlockInfo@VSGLInfoLib@@SAXIV?$basic_string@DU?$char_traits@D@std@@V?$allocator@D@2@@std@@0@Z)
vsl.lib(vsGLInfoLib.obj) : warning LNK4217: locally defined symbol ___glewIsVertexArray imported in function "public: static void __cdecl VSGLInfoLib::getVAOInfo(unsigned int)" (?getVAOInfo@VSGLInfoLib@@SAXI@Z)
vsl.lib(vsProfileLib.obj) : warning LNK4217: locally defined symbol ___glewDeleteQueries imported in function "public: static void __cdecl VSProfileLib::Reset(void)" (?Reset@VSProfileLib@@SAXXZ)
vsl.lib(vsProfileLib.obj) : warning LNK4217: locally defined symbol ___glewGenQueries imported in function "protected: void __thiscall VSProfileLib::createNewSection(class std::basic_string<char,struct std::char_traits<char>,class std::allocator<char> > &,double,bool)" (?createNewSection@VSProfileLib@@IAEXAAV?$basic_string@DU?$char_traits@D@std@@V?$allocator@D@2@@std@@N_N@Z)
vsl.lib(vsProfileLib.obj) : warning LNK4217: locally defined symbol ___glewQueryCounter imported in function "protected: void __thiscall VSProfileLib::accumulate(void)" (?accumulate@VSProfileLib@@IAEXXZ)
  demo.vcxproj -> C:\Users\Rafael\Documents\GitHub\L-Systems_VSL\build\bin\demo.exe
