Compiling the C compiler identification source file "CMakeCCompilerId.c" failed.
Compiler:  
Build flags: /DWIN32;/D_WINDOWS;/W3
Id flags: 

The output was:
1
Microsoft (R) Build Engine version 15.1.548.43366
Copyright (C) Microsoft Corporation. All rights reserved.

MSBUILD : error MSB1009: Project file does not exist.
Switch: CompilerIdC.vcxproj


Compiling the C compiler identification source file "CMakeCCompilerId.c" failed.
Compiler:  
Build flags: /DWIN32;/D_WINDOWS;/W3
Id flags: 

The output was:
1
Microsoft (R) Build Engine version 15.1.548.43366
Copyright (C) Microsoft Corporation. All rights reserved.

Build started 31/03/2017 03:23:22.
Project "C:\Users\Rafael\Documents\GitHub\L-Systems_VSL\build\CMakeFiles\3.7.2\CompilerIdC\CompilerIdC.vcxproj" on node 1 (default targets).
C:\Program Files (x86)\Microsoft Visual Studio\2017\Community\Common7\IDE\VC\VCTargets\Microsoft.Cpp.Platform.targets(57,5): error MSB8020: The build tools for v140 (Platform Toolset = 'v140') cannot be found. To build using the v140 build tools, please install v140 build tools.  Alternatively, you may upgrade to the current Visual Studio tools by selecting the Project menu or right-click the solution, and then selecting "Retarget solution". [C:\Users\Rafael\Documents\GitHub\L-Systems_VSL\build\CMakeFiles\3.7.2\CompilerIdC\CompilerIdC.vcxproj]
Done Building Project "C:\Users\Rafael\Documents\GitHub\L-Systems_VSL\build\CMakeFiles\3.7.2\CompilerIdC\CompilerIdC.vcxproj" (default targets) -- FAILED.

Build FAILED.

"C:\Users\Rafael\Documents\GitHub\L-Systems_VSL\build\CMakeFiles\3.7.2\CompilerIdC\CompilerIdC.vcxproj" (default target) (1) ->
(PlatformPrepareForBuild target) -> 
  C:\Program Files (x86)\Microsoft Visual Studio\2017\Community\Common7\IDE\VC\VCTargets\Microsoft.Cpp.Platform.targets(57,5): error MSB8020: The build tools for v140 (Platform Toolset = 'v140') cannot be found. To build using the v140 build tools, please install v140 build tools.  Alternatively, you may upgrade to the current Visual Studio tools by selecting the Project menu or right-click the solution, and then selecting "Retarget solution". [C:\Users\Rafael\Documents\GitHub\L-Systems_VSL\build\CMakeFiles\3.7.2\CompilerIdC\CompilerIdC.vcxproj]

    0 Warning(s)
    1 Error(s)

Time Elapsed 00:00:00.67


Compiling the CXX compiler identification source file "CMakeCXXCompilerId.cpp" failed.
Compiler:  
Build flags: /DWIN32;/D_WINDOWS;/W3;/GR;/EHsc
Id flags: 

The output was:
1
Microsoft (R) Build Engine version 15.1.548.43366
Copyright (C) Microsoft Corporation. All rights reserved.

Build started 31/03/2017 03:23:23.
Project "C:\Users\Rafael\Documents\GitHub\L-Systems_VSL\build\CMakeFiles\3.7.2\CompilerIdCXX\CompilerIdCXX.vcxproj" on node 1 (default targets).
C:\Program Files (x86)\Microsoft Visual Studio\2017\Community\Common7\IDE\VC\VCTargets\Microsoft.Cpp.Platform.targets(57,5): error MSB8020: The build tools for v140 (Platform Toolset = 'v140') cannot be found. To build using the v140 build tools, please install v140 build tools.  Alternatively, you may upgrade to the current Visual Studio tools by selecting the Project menu or right-click the solution, and then selecting "Retarget solution". [C:\Users\Rafael\Documents\GitHub\L-Systems_VSL\build\CMakeFiles\3.7.2\CompilerIdCXX\CompilerIdCXX.vcxproj]
Done Building Project "C:\Users\Rafael\Documents\GitHub\L-Systems_VSL\build\CMakeFiles\3.7.2\CompilerIdCXX\CompilerIdCXX.vcxproj" (default targets) -- FAILED.

Build FAILED.

"C:\Users\Rafael\Documents\GitHub\L-Systems_VSL\build\CMakeFiles\3.7.2\CompilerIdCXX\CompilerIdCXX.vcxproj" (default target) (1) ->
(PlatformPrepareForBuild target) -> 
  C:\Program Files (x86)\Microsoft Visual Studio\2017\Community\Common7\IDE\VC\VCTargets\Microsoft.Cpp.Platform.targets(57,5): error MSB8020: The build tools for v140 (Platform Toolset = 'v140') cannot be found. To build using the v140 build tools, please install v140 build tools.  Alternatively, you may upgrade to the current Visual Studio tools by selecting the Project menu or right-click the solution, and then selecting "Retarget solution". [C:\Users\Rafael\Documents\GitHub\L-Systems_VSL\build\CMakeFiles\3.7.2\CompilerIdCXX\CompilerIdCXX.vcxproj]

    0 Warning(s)
    1 Error(s)

Time Elapsed 00:00:00.71


Compiling the C compiler identification source file "CMakeCCompilerId.c" failed.
Compiler:  
Build flags: /DWIN32;/D_WINDOWS;/W3
Id flags: 

The output was:
1
Microsoft (R) Build Engine version 15.1.548.43366
Copyright (C) Microsoft Corporation. All rights reserved.

Build started 31/03/2017 03:23:23.
Project "C:\Users\Rafael\Documents\GitHub\L-Systems_VSL\build\CMakeFiles\3.7.2\CompilerIdC\CompilerIdC.vcxproj" on node 1 (default targets).
C:\Program Files (x86)\Microsoft Visual Studio\2017\Community\Common7\IDE\VC\VCTargets\Microsoft.Cpp.Platform.targets(57,5): error MSB8020: The build tools for v140 (Platform Toolset = 'v140') cannot be found. To build using the v140 build tools, please install v140 build tools.  Alternatively, you may upgrade to the current Visual Studio tools by selecting the Project menu or right-click the solution, and then selecting "Retarget solution". [C:\Users\Rafael\Documents\GitHub\L-Systems_VSL\build\CMakeFiles\3.7.2\CompilerIdC\CompilerIdC.vcxproj]
Done Building Project "C:\Users\Rafael\Documents\GitHub\L-Systems_VSL\build\CMakeFiles\3.7.2\CompilerIdC\CompilerIdC.vcxproj" (default targets) -- FAILED.

Build FAILED.

"C:\Users\Rafael\Documents\GitHub\L-Systems_VSL\build\CMakeFiles\3.7.2\CompilerIdC\CompilerIdC.vcxproj" (default target) (1) ->
(PlatformPrepareForBuild target) -> 
  C:\Program Files (x86)\Microsoft Visual Studio\2017\Community\Common7\IDE\VC\VCTargets\Microsoft.Cpp.Platform.targets(57,5): error MSB8020: The build tools for v140 (Platform Toolset = 'v140') cannot be found. To build using the v140 build tools, please install v140 build tools.  Alternatively, you may upgrade to the current Visual Studio tools by selecting the Project menu or right-click the solution, and then selecting "Retarget solution". [C:\Users\Rafael\Documents\GitHub\L-Systems_VSL\build\CMakeFiles\3.7.2\CompilerIdC\CompilerIdC.vcxproj]

    0 Warning(s)
    1 Error(s)

Time Elapsed 00:00:00.75


Compiling the CXX compiler identification source file "CMakeCXXCompilerId.cpp" failed.
Compiler:  
Build flags: /DWIN32;/D_WINDOWS;/W3;/GR;/EHsc
Id flags: 

The output was:
1
Microsoft (R) Build Engine version 15.1.548.43366
Copyright (C) Microsoft Corporation. All rights reserved.

Build started 31/03/2017 03:23:23.
Project "C:\Users\Rafael\Documents\GitHub\L-Systems_VSL\build\CMakeFiles\3.7.2\CompilerIdCXX\CompilerIdCXX.vcxproj" on node 1 (default targets).
C:\Program Files (x86)\Microsoft Visual Studio\2017\Community\Common7\IDE\VC\VCTargets\Microsoft.Cpp.Platform.targets(57,5): error MSB8020: The build tools for v140 (Platform Toolset = 'v140') cannot be found. To build using the v140 build tools, please install v140 build tools.  Alternatively, you may upgrade to the current Visual Studio tools by selecting the Project menu or right-click the solution, and then selecting "Retarget solution". [C:\Users\Rafael\Documents\GitHub\L-Systems_VSL\build\CMakeFiles\3.7.2\CompilerIdCXX\CompilerIdCXX.vcxproj]
Done Building Project "C:\Users\Rafael\Documents\GitHub\L-Systems_VSL\build\CMakeFiles\3.7.2\CompilerIdCXX\CompilerIdCXX.vcxproj" (default targets) -- FAILED.

Build FAILED.

"C:\Users\Rafael\Documents\GitHub\L-Systems_VSL\build\CMakeFiles\3.7.2\CompilerIdCXX\CompilerIdCXX.vcxproj" (default target) (1) ->
(PlatformPrepareForBuild target) -> 
  C:\Program Files (x86)\Microsoft Visual Studio\2017\Community\Common7\IDE\VC\VCTargets\Microsoft.Cpp.Platform.targets(57,5): error MSB8020: The build tools for v140 (Platform Toolset = 'v140') cannot be found. To build using the v140 build tools, please install v140 build tools.  Alternatively, you may upgrade to the current Visual Studio tools by selecting the Project menu or right-click the solution, and then selecting "Retarget solution". [C:\Users\Rafael\Documents\GitHub\L-Systems_VSL\build\CMakeFiles\3.7.2\CompilerIdCXX\CompilerIdCXX.vcxproj]

    0 Warning(s)
    1 Error(s)

Time Elapsed 00:00:00.73


Compiling the CXX compiler identification source file "CMakeCXXCompilerId.cpp" failed.
Compiler:  
Build flags: /DWIN32;/D_WINDOWS;/W3;/GR;/EHsc
Id flags: 

The output was:
1
Microsoft (R) Build Engine version 15.1.548.43366
Copyright (C) Microsoft Corporation. All rights reserved.

Build started 31/03/2017 03:23:23.
Project "C:\Users\Rafael\Documents\GitHub\L-Systems_VSL\build\CMakeFiles\3.7.2\CompilerIdCXX\CompilerIdCXX.vcxproj" on node 1 (default targets).
C:\Program Files (x86)\Microsoft Visual Studio\2017\Community\Common7\IDE\VC\VCTargets\Microsoft.Cpp.Platform.targets(57,5): error MSB8020: The build tools for v140 (Platform Toolset = 'v140') cannot be found. To build using the v140 build tools, please install v140 build tools.  Alternatively, you may upgrade to the current Visual Studio tools by selecting the Project menu or right-click the solution, and then selecting "Retarget solution". [C:\Users\Rafael\Documents\GitHub\L-Systems_VSL\build\CMakeFiles\3.7.2\CompilerIdCXX\CompilerIdCXX.vcxproj]
Done Building Project "C:\Users\Rafael\Documents\GitHub\L-Systems_VSL\build\CMakeFiles\3.7.2\CompilerIdCXX\CompilerIdCXX.vcxproj" (default targets) -- FAILED.

Build FAILED.

"C:\Users\Rafael\Documents\GitHub\L-Systems_VSL\build\CMakeFiles\3.7.2\CompilerIdCXX\CompilerIdCXX.vcxproj" (default target) (1) ->
(PlatformPrepareForBuild target) -> 
  C:\Program Files (x86)\Microsoft Visual Studio\2017\Community\Common7\IDE\VC\VCTargets\Microsoft.Cpp.Platform.targets(57,5): error MSB8020: The build tools for v140 (Platform Toolset = 'v140') cannot be found. To build using the v140 build tools, please install v140 build tools.  Alternatively, you may upgrade to the current Visual Studio tools by selecting the Project menu or right-click the solution, and then selecting "Retarget solution". [C:\Users\Rafael\Documents\GitHub\L-Systems_VSL\build\CMakeFiles\3.7.2\CompilerIdCXX\CompilerIdCXX.vcxproj]

    0 Warning(s)
    1 Error(s)

Time Elapsed 00:00:00.71


Compiling the CXX compiler identification source file "CMakeCXXCompilerId.cpp" failed.
Compiler:  
Build flags: /DWIN32;/D_WINDOWS;/W3;/GR;/EHsc
Id flags: 

The output was:
1
Microsoft (R) Build Engine version 15.1.548.43366
Copyright (C) Microsoft Corporation. All rights reserved.

Build started 31/03/2017 03:23:24.
Project "C:\Users\Rafael\Documents\GitHub\L-Systems_VSL\build\CMakeFiles\3.7.2\CompilerIdCXX\CompilerIdCXX.vcxproj" on node 1 (default targets).
C:\Program Files (x86)\Microsoft Visual Studio\2017\Community\Common7\IDE\VC\VCTargets\Microsoft.Cpp.Platform.targets(57,5): error MSB8020: The build tools for v140 (Platform Toolset = 'v140') cannot be found. To build using the v140 build tools, please install v140 build tools.  Alternatively, you may upgrade to the current Visual Studio tools by selecting the Project menu or right-click the solution, and then selecting "Retarget solution". [C:\Users\Rafael\Documents\GitHub\L-Systems_VSL\build\CMakeFiles\3.7.2\CompilerIdCXX\CompilerIdCXX.vcxproj]
Done Building Project "C:\Users\Rafael\Documents\GitHub\L-Systems_VSL\build\CMakeFiles\3.7.2\CompilerIdCXX\CompilerIdCXX.vcxproj" (default targets) -- FAILED.

Build FAILED.

"C:\Users\Rafael\Documents\GitHub\L-Systems_VSL\build\CMakeFiles\3.7.2\CompilerIdCXX\CompilerIdCXX.vcxproj" (default target) (1) ->
(PlatformPrepareForBuild target) -> 
  C:\Program Files (x86)\Microsoft Visual Studio\2017\Community\Common7\IDE\VC\VCTargets\Microsoft.Cpp.Platform.targets(57,5): error MSB8020: The build tools for v140 (Platform Toolset = 'v140') cannot be found. To build using the v140 build tools, please install v140 build tools.  Alternatively, you may upgrade to the current Visual Studio tools by selecting the Project menu or right-click the solution, and then selecting "Retarget solution". [C:\Users\Rafael\Documents\GitHub\L-Systems_VSL\build\CMakeFiles\3.7.2\CompilerIdCXX\CompilerIdCXX.vcxproj]

    0 Warning(s)
    1 Error(s)

Time Elapsed 00:00:00.60


Compiling the C compiler identification source file "CMakeCCompilerId.c" failed.
Compiler:  
Build flags: /DWIN32;/D_WINDOWS;/W3
Id flags: 

The output was:
1
Microsoft (R) Build Engine version 15.1.548.43366
Copyright (C) Microsoft Corporation. All rights reserved.

Build started 31/03/2017 03:23:24.
Project "C:\Users\Rafael\Documents\GitHub\L-Systems_VSL\build\CMakeFiles\3.7.2\CompilerIdC\CompilerIdC.vcxproj" on node 1 (default targets).
C:\Program Files (x86)\Microsoft Visual Studio\2017\Community\Common7\IDE\VC\VCTargets\Microsoft.Cpp.Platform.targets(57,5): error MSB8020: The build tools for v140 (Platform Toolset = 'v140') cannot be found. To build using the v140 build tools, please install v140 build tools.  Alternatively, you may upgrade to the current Visual Studio tools by selecting the Project menu or right-click the solution, and then selecting "Retarget solution". [C:\Users\Rafael\Documents\GitHub\L-Systems_VSL\build\CMakeFiles\3.7.2\CompilerIdC\CompilerIdC.vcxproj]
Done Building Project "C:\Users\Rafael\Documents\GitHub\L-Systems_VSL\build\CMakeFiles\3.7.2\CompilerIdC\CompilerIdC.vcxproj" (default targets) -- FAILED.

Build FAILED.

"C:\Users\Rafael\Documents\GitHub\L-Systems_VSL\build\CMakeFiles\3.7.2\CompilerIdC\CompilerIdC.vcxproj" (default target) (1) ->
(PlatformPrepareForBuild target) -> 
  C:\Program Files (x86)\Microsoft Visual Studio\2017\Community\Common7\IDE\VC\VCTargets\Microsoft.Cpp.Platform.targets(57,5): error MSB8020: The build tools for v140 (Platform Toolset = 'v140') cannot be found. To build using the v140 build tools, please install v140 build tools.  Alternatively, you may upgrade to the current Visual Studio tools by selecting the Project menu or right-click the solution, and then selecting "Retarget solution". [C:\Users\Rafael\Documents\GitHub\L-Systems_VSL\build\CMakeFiles\3.7.2\CompilerIdC\CompilerIdC.vcxproj]

    0 Warning(s)
    1 Error(s)

Time Elapsed 00:00:00.59


Compiling the CXX compiler identification source file "CMakeCXXCompilerId.cpp" failed.
Compiler:  
Build flags: /DWIN32;/D_WINDOWS;/W3;/GR;/EHsc
Id flags: 

The output was:
1
Microsoft (R) Build Engine version 15.1.548.43366
Copyright (C) Microsoft Corporation. All rights reserved.

Build started 31/03/2017 03:23:25.
Project "C:\Users\Rafael\Documents\GitHub\L-Systems_VSL\build\CMakeFiles\3.7.2\CompilerIdCXX\CompilerIdCXX.vcxproj" on node 1 (default targets).
C:\Program Files (x86)\Microsoft Visual Studio\2017\Community\Common7\IDE\VC\VCTargets\Microsoft.Cpp.Platform.targets(57,5): error MSB8020: The build tools for v140 (Platform Toolset = 'v140') cannot be found. To build using the v140 build tools, please install v140 build tools.  Alternatively, you may upgrade to the current Visual Studio tools by selecting the Project menu or right-click the solution, and then selecting "Retarget solution". [C:\Users\Rafael\Documents\GitHub\L-Systems_VSL\build\CMakeFiles\3.7.2\CompilerIdCXX\CompilerIdCXX.vcxproj]
Done Building Project "C:\Users\Rafael\Documents\GitHub\L-Systems_VSL\build\CMakeFiles\3.7.2\CompilerIdCXX\CompilerIdCXX.vcxproj" (default targets) -- FAILED.

Build FAILED.

"C:\Users\Rafael\Documents\GitHub\L-Systems_VSL\build\CMakeFiles\3.7.2\CompilerIdCXX\CompilerIdCXX.vcxproj" (default target) (1) ->
(PlatformPrepareForBuild target) -> 
  C:\Program Files (x86)\Microsoft Visual Studio\2017\Community\Common7\IDE\VC\VCTargets\Microsoft.Cpp.Platform.targets(57,5): error MSB8020: The build tools for v140 (Platform Toolset = 'v140') cannot be found. To build using the v140 build tools, please install v140 build tools.  Alternatively, you may upgrade to the current Visual Studio tools by selecting the Project menu or right-click the solution, and then selecting "Retarget solution". [C:\Users\Rafael\Documents\GitHub\L-Systems_VSL\build\CMakeFiles\3.7.2\CompilerIdCXX\CompilerIdCXX.vcxproj]

    0 Warning(s)
    1 Error(s)

Time Elapsed 00:00:00.57


Compiling the C compiler identification source file "CMakeCCompilerId.c" failed.
Compiler:  
Build flags: /DWIN32;/D_WINDOWS;/W3
Id flags: 

The output was:
1
Microsoft (R) Build Engine version 15.1.548.43366
Copyright (C) Microsoft Corporation. All rights reserved.

Build started 31/03/2017 03:23:31.
Project "C:\Users\Rafael\Documents\GitHub\L-Systems_VSL\build\CMakeFiles\3.7.2\CompilerIdC\CompilerIdC.vcxproj" on node 1 (default targets).
C:\Program Files (x86)\Microsoft Visual Studio\2017\Community\Common7\IDE\VC\VCTargets\Microsoft.Cpp.Platform.targets(57,5): error MSB8020: The build tools for v140 (Platform Toolset = 'v140') cannot be found. To build using the v140 build tools, please install v140 build tools.  Alternatively, you may upgrade to the current Visual Studio tools by selecting the Project menu or right-click the solution, and then selecting "Retarget solution". [C:\Users\Rafael\Documents\GitHub\L-Systems_VSL\build\CMakeFiles\3.7.2\CompilerIdC\CompilerIdC.vcxproj]
Done Building Project "C:\Users\Rafael\Documents\GitHub\L-Systems_VSL\build\CMakeFiles\3.7.2\CompilerIdC\CompilerIdC.vcxproj" (default targets) -- FAILED.

Build FAILED.

"C:\Users\Rafael\Documents\GitHub\L-Systems_VSL\build\CMakeFiles\3.7.2\CompilerIdC\CompilerIdC.vcxproj" (default target) (1) ->
(PlatformPrepareForBuild target) -> 
  C:\Program Files (x86)\Microsoft Visual Studio\2017\Community\Common7\IDE\VC\VCTargets\Microsoft.Cpp.Platform.targets(57,5): error MSB8020: The build tools for v140 (Platform Toolset = 'v140') cannot be found. To build using the v140 build tools, please install v140 build tools.  Alternatively, you may upgrade to the current Visual Studio tools by selecting the Project menu or right-click the solution, and then selecting "Retarget solution". [C:\Users\Rafael\Documents\GitHub\L-Systems_VSL\build\CMakeFiles\3.7.2\CompilerIdC\CompilerIdC.vcxproj]

    0 Warning(s)
    1 Error(s)

Time Elapsed 00:00:00.63


Compiling the CXX compiler identification source file "CMakeCXXCompilerId.cpp" failed.
Compiler:  
Build flags: /DWIN32;/D_WINDOWS;/W3;/GR;/EHsc
Id flags: 

The output was:
1
Microsoft (R) Build Engine version 15.1.548.43366
Copyright (C) Microsoft Corporation. All rights reserved.

Build started 31/03/2017 03:23:32.
Project "C:\Users\Rafael\Documents\GitHub\L-Systems_VSL\build\CMakeFiles\3.7.2\CompilerIdCXX\CompilerIdCXX.vcxproj" on node 1 (default targets).
C:\Program Files (x86)\Microsoft Visual Studio\2017\Community\Common7\IDE\VC\VCTargets\Microsoft.Cpp.Platform.targets(57,5): error MSB8020: The build tools for v140 (Platform Toolset = 'v140') cannot be found. To build using the v140 build tools, please install v140 build tools.  Alternatively, you may upgrade to the current Visual Studio tools by selecting the Project menu or right-click the solution, and then selecting "Retarget solution". [C:\Users\Rafael\Documents\GitHub\L-Systems_VSL\build\CMakeFiles\3.7.2\CompilerIdCXX\CompilerIdCXX.vcxproj]
Done Building Project "C:\Users\Rafael\Documents\GitHub\L-Systems_VSL\build\CMakeFiles\3.7.2\CompilerIdCXX\CompilerIdCXX.vcxproj" (default targets) -- FAILED.

Build FAILED.

"C:\Users\Rafael\Documents\GitHub\L-Systems_VSL\build\CMakeFiles\3.7.2\CompilerIdCXX\CompilerIdCXX.vcxproj" (default target) (1) ->
(PlatformPrepareForBuild target) -> 
  C:\Program Files (x86)\Microsoft Visual Studio\2017\Community\Common7\IDE\VC\VCTargets\Microsoft.Cpp.Platform.targets(57,5): error MSB8020: The build tools for v140 (Platform Toolset = 'v140') cannot be found. To build using the v140 build tools, please install v140 build tools.  Alternatively, you may upgrade to the current Visual Studio tools by selecting the Project menu or right-click the solution, and then selecting "Retarget solution". [C:\Users\Rafael\Documents\GitHub\L-Systems_VSL\build\CMakeFiles\3.7.2\CompilerIdCXX\CompilerIdCXX.vcxproj]

    0 Warning(s)
    1 Error(s)

Time Elapsed 00:00:00.56


